<?xml version="1.0" encoding="UTF-8"?>
<testng-results ignored="0" total="1" passed="1" failed="0" skipped="0">
  <reporter-output>
  </reporter-output>
  <suite started-at="2023-07-05T15:31:40 IST" name="Default suite" finished-at="2023-07-05T15:33:07 IST" duration-ms="86601">
    <groups>
    </groups>
    <test started-at="2023-07-05T15:31:40 IST" name="Default test" finished-at="2023-07-05T15:33:07 IST" duration-ms="86601">
      <class name="test.Homepagetest">
        <test-method is-config="true" signature="setUp()[pri:0, instance:test.Homepagetest@58695725]" started-at="2023-07-05T15:31:41 IST" name="setUp" finished-at="2023-07-05T15:32:02 IST" duration-ms="21156" status="PASS">
          <reporter-output>
          </reporter-output>
        </test-method> <!-- setUp -->
        <test-method signature="testhomepage()[pri:0, instance:test.Homepagetest@58695725]" started-at="2023-07-05T15:32:02 IST" name="testhomepage" finished-at="2023-07-05T15:33:07 IST" duration-ms="65366" status="PASS">
          <reporter-output>
          </reporter-output>
        </test-method> <!-- testhomepage -->
      </class> <!-- test.Homepagetest -->
    </test> <!-- Default test -->
  </suite> <!-- Default suite -->
</testng-results>
